Determining if the pthread_create exist failed with the following output:
Change Dir: /home/user/plll-1.0/build/CMakeFiles/CMakeTmp

Run Build Command:"/usr/bin/make" "cmTC_df21b/fast"
/usr/bin/make -f CMakeFiles/cmTC_df21b.dir/build.make CMakeFiles/cmTC_df21b.dir/build
make[1]: Entering directory '/home/user/plll-1.0/build/CMakeFiles/CMakeTmp'
Building C object CMakeFiles/cmTC_df21b.dir/CheckSymbolExists.c.o
/usr/bin/gcc-7    -o CMakeFiles/cmTC_df21b.dir/CheckSymbolExists.c.o   -c /home/user/plll-1.0/build/CMakeFiles/CMakeTmp/CheckSymbolExists.c
Linking C executable cmTC_df21b
/usr/bin/cmake -E cmake_link_script CMakeFiles/cmTC_df21b.dir/link.txt --verbose=1
/usr/bin/gcc-7      -rdynamic CMakeFiles/cmTC_df21b.dir/CheckSymbolExists.c.o  -o cmTC_df21b 
CMakeFiles/cmTC_df21b.dir/CheckSymbolExists.c.o: In function `main':
CheckSymbolExists.c:(.text+0x1b): undefined reference to `pthread_create'
collect2: error: ld returned 1 exit status
CMakeFiles/cmTC_df21b.dir/build.make:97: recipe for target 'cmTC_df21b' failed
make[1]: *** [cmTC_df21b] Error 1
make[1]: Leaving directory '/home/user/plll-1.0/build/CMakeFiles/CMakeTmp'
Makefile:126: recipe for target 'cmTC_df21b/fast' failed
make: *** [cmTC_df21b/fast] Error 2

File /home/user/plll-1.0/build/CMakeFiles/CMakeTmp/CheckSymbolExists.c:
/* */
#include <pthread.h>

int main(int argc, char** argv)
{
  (void)argv;
#ifndef pthread_create
  return ((int*)(&pthread_create))[argc];
#else
  (void)argc;
  return 0;
#endif
}

Determining if the function pthread_create exists in the pthreads failed with the following output:
Change Dir: /home/user/plll-1.0/build/CMakeFiles/CMakeTmp

Run Build Command:"/usr/bin/make" "cmTC_89a56/fast"
/usr/bin/make -f CMakeFiles/cmTC_89a56.dir/build.make CMakeFiles/cmTC_89a56.dir/build
make[1]: Entering directory '/home/user/plll-1.0/build/CMakeFiles/CMakeTmp'
Building C object CMakeFiles/cmTC_89a56.dir/CheckFunctionExists.c.o
/usr/bin/gcc-7   -DCHECK_FUNCTION_EXISTS=pthread_create   -o CMakeFiles/cmTC_89a56.dir/CheckFunctionExists.c.o   -c /usr/share/cmake-3.10/Modules/CheckFunctionExists.c
Linking C executable cmTC_89a56
/usr/bin/cmake -E cmake_link_script CMakeFiles/cmTC_89a56.dir/link.txt --verbose=1
/usr/bin/gcc-7  -DCHECK_FUNCTION_EXISTS=pthread_create    -rdynamic CMakeFiles/cmTC_89a56.dir/CheckFunctionExists.c.o  -o cmTC_89a56 -lpthreads 
/usr/bin/ld: cannot find -lpthreads
collect2: error: ld returned 1 exit status
CMakeFiles/cmTC_89a56.dir/build.make:97: recipe for target 'cmTC_89a56' failed
make[1]: *** [cmTC_89a56] Error 1
make[1]: Leaving directory '/home/user/plll-1.0/build/CMakeFiles/CMakeTmp'
Makefile:126: recipe for target 'cmTC_89a56/fast' failed
make: *** [cmTC_89a56/fast] Error 2


Performing C++ SOURCE FILE Test LongDoubleIsQP failed with the following output:
Change Dir: /home/user/plll-1.0/build/CMakeFiles/CMakeTmp

Run Build Command:"/usr/bin/make" "cmTC_43863/fast"
/usr/bin/make -f CMakeFiles/cmTC_43863.dir/build.make CMakeFiles/cmTC_43863.dir/build
make[1]: Entering directory '/home/user/plll-1.0/build/CMakeFiles/CMakeTmp'
Building CXX object CMakeFiles/cmTC_43863.dir/src.cxx.o
/usr/bin/g++-7    -O3 -mtune=native -march=native -pedantic -Wall -std=c++98 -Wno-long-long -DLongDoubleIsQP   -o CMakeFiles/cmTC_43863.dir/src.cxx.o -c /home/user/plll-1.0/build/CMakeFiles/CMakeTmp/src.cxx
Linking CXX executable cmTC_43863
/usr/bin/cmake -E cmake_link_script CMakeFiles/cmTC_43863.dir/link.txt --verbose=1
/usr/bin/g++-7   -O3 -mtune=native -march=native -pedantic -Wall -std=c++98 -Wno-long-long -DLongDoubleIsQP    -rdynamic CMakeFiles/cmTC_43863.dir/src.cxx.o  -o cmTC_43863 
make[1]: Leaving directory '/home/user/plll-1.0/build/CMakeFiles/CMakeTmp'

Return value: 1
Source file was:

    #include <iostream>
    int main()
    {
        union {
            long double num;
            unsigned long e[2];
        } v;
        v.num = 1.0;
        if ((v.e[0] != 1073676288ul) || (v.e[1] != 0)) return 1;
        v.num = -123.0;
        if ((v.e[0] != 3221613568ul) || (v.e[1] != 0)) return 1;
        v.num = 0.125;
        if ((v.e[0] != 1073479680ul) || (v.e[1] != 0)) return 1;
        return 0;
    }
    
